# JRE version: OpenJDK Runtime Environment Temurin-17.0.10+7 (17.0.10+7) (build 17.0.10+7)
# Java VM: OpenJDK 64-Bit Server VM Temurin-17.0.10+7 (17.0.10+7, mixed mode, emulated-client, tiered, compressed oops, compressed class ptrs, g1 gc, windows-amd64)
GC Precious Log:
 CPUs: 4 total, 4 available
 Memory: 3902M
 Large Page Support: Disabled
 NUMA Support: Disabled
 Compressed Oops: Enabled (32-bit)
 Heap Region Size: 1M
 Heap Min Capacity: 8M
 Heap Initial Capacity: 62M
 Heap Max Capacity: 1G
 Pre-touch: Disabled
 Parallel Workers: 4
 Concurrent Workers: 1
 Concurrent Refinement Workers: 4
 Periodic GC: Disabled
Heap:
 garbage-first heap   total 63488K, used 24094K [0x00000000c0000000, 0x0000000100000000)
  region size 1024K, 1 young (1024K), 0 survivors (0K)
 Metaspace       used 38727K, committed 39296K, reserved 1114112K
  class space    used 5101K, committed 5376K, reserved 1048576K
GC Heap History (20 events):
Event: 6670.297 GC heap before
{Heap before GC invocations=633 (full 618):
 garbage-first heap   total 63488K, used 24094K [0x00000000c0000000, 0x0000000100000000)
  region size 1024K, 1 young (1024K), 0 survivors (0K)
 Metaspace       used 38727K, committed 39296K, reserved 1114112K
  class space    used 5101K, committed 5376K, reserved 1048576K
}
Event: 6670.349 GC heap after
{Heap after GC invocations=634 (full 619):
 garbage-first heap   total 63488K, used 24094K [0x00000000c0000000, 0x0000000100000000)
  region size 1024K, 0 young (0K), 0 survivors (0K)
 Metaspace       used 38727K, committed 39296K, reserved 1114112K
  class space    used 5101K, committed 5376K, reserved 1048576K
}
Event: 6681.489 GC heap before
{Heap before GC invocations=634 (full 619):
 garbage-first heap   total 63488K, used 24094K [0x00000000c0000000, 0x0000000100000000)
  region size 1024K, 1 young (1024K), 0 survivors (0K)
 Metaspace       used 38727K, committed 39296K, reserved 1114112K
  class space    used 5101K, committed 5376K, reserved 1048576K
}
Event: 6681.621 GC heap after
{Heap after GC invocations=635 (full 620):
 garbage-first heap   total 63488K, used 24094K [0x00000000c0000000, 0x0000000100000000)
  region size 1024K, 0 young (0K), 0 survivors (0K)
 Metaspace       used 38727K, committed 39296K, reserved 1114112K
  class space    used 5101K, committed 5376K, reserved 1048576K
}
Event: 6696.333 GC heap before
{Heap before GC invocations=635 (full 620):
 garbage-first heap   total 63488K, used 24094K [0x00000000c0000000, 0x0000000100000000)
  region size 1024K, 1 young (1024K), 0 survivors (0K)
 Metaspace       used 38727K, committed 39296K, reserved 1114112K
  class space    used 5101K, committed 5376K, reserved 1048576K
}
Event: 6696.485 GC heap after
{Heap after GC invocations=636 (full 621):
 garbage-first heap   total 63488K, used 24094K [0x00000000c0000000, 0x0000000100000000)
  region size 1024K, 0 young (0K), 0 survivors (0K)
 Metaspace       used 38727K, committed 39296K, reserved 1114112K
  class space    used 5101K, committed 5376K, reserved 1048576K
}
Event: 6707.937 GC heap before
{Heap before GC invocations=636 (full 621):
 garbage-first heap   total 63488K, used 24094K [0x00000000c0000000, 0x0000000100000000)
  region size 1024K, 1 young (1024K), 0 survivors (0K)
 Metaspace       used 38727K, committed 39296K, reserved 1114112K
  class space    used 5101K, committed 5376K, reserved 1048576K
}
Event: 6707.991 GC heap after
{Heap after GC invocations=637 (full 622):
 garbage-first heap   total 63488K, used 24094K [0x00000000c0000000, 0x0000000100000000)
  region size 1024K, 0 young (0K), 0 survivors (0K)
 Metaspace       used 38727K, committed 39296K, reserved 1114112K
  class space    used 5101K, committed 5376K, reserved 1048576K
}
Event: 6718.985 GC heap before
{Heap before GC invocations=637 (full 622):
 garbage-first heap   total 63488K, used 24094K [0x00000000c0000000, 0x0000000100000000)
  region size 1024K, 1 young (1024K), 0 survivors (0K)
 Metaspace       used 38727K, committed 39296K, reserved 1114112K
  class space    used 5101K, committed 5376K, reserved 1048576K
}
Event: 6719.111 GC heap after
{Heap after GC invocations=638 (full 623):
 garbage-first heap   total 63488K, used 24094K [0x00000000c0000000, 0x0000000100000000)
  region size 1024K, 0 young (0K), 0 survivors (0K)
 Metaspace       used 38727K, committed 39296K, reserved 1114112K
  class space    used 5101K, committed 5376K, reserved 1048576K
}
Event: 6730.195 GC heap before
{Heap before GC invocations=638 (full 623):
 garbage-first heap   total 63488K, used 24094K [0x00000000c0000000, 0x0000000100000000)
  region size 1024K, 1 young (1024K), 0 survivors (0K)
 Metaspace       used 38727K, committed 39296K, reserved 1114112K
  class space    used 5101K, committed 5376K, reserved 1048576K
}
Event: 6730.250 GC heap after
{Heap after GC invocations=639 (full 624):
 garbage-first heap   total 63488K, used 24094K [0x00000000c0000000, 0x0000000100000000)
  region size 1024K, 0 young (0K), 0 survivors (0K)
 Metaspace       used 38727K, committed 39296K, reserved 1114112K
  class space    used 5101K, committed 5376K, reserved 1048576K
}
Event: 6749.083 GC heap before
{Heap before GC invocations=639 (full 624):
 garbage-first heap   total 63488K, used 24094K [0x00000000c0000000, 0x0000000100000000)
  region size 1024K, 1 young (1024K), 0 survivors (0K)
 Metaspace       used 38727K, committed 39296K, reserved 1114112K
  class space    used 5101K, committed 5376K, reserved 1048576K
}
Event: 6749.200 GC heap after
{Heap after GC invocations=640 (full 625):
 garbage-first heap   total 63488K, used 24094K [0x00000000c0000000, 0x0000000100000000)
  region size 1024K, 0 young (0K), 0 survivors (0K)
 Metaspace       used 38727K, committed 39296K, reserved 1114112K
  class space    used 5101K, committed 5376K, reserved 1048576K
}
Event: 6761.115 GC heap before
{Heap before GC invocations=640 (full 625):
 garbage-first heap   total 63488K, used 24094K [0x00000000c0000000, 0x0000000100000000)
  region size 1024K, 1 young (1024K), 0 survivors (0K)
 Metaspace       used 38727K, committed 39296K, reserved 1114112K
  class space    used 5101K, committed 5376K, reserved 1048576K
}
Event: 6761.213 GC heap after
{Heap after GC invocations=641 (full 626):
 garbage-first heap   total 63488K, used 24094K [0x00000000c0000000, 0x0000000100000000)
  region size 1024K, 0 young (0K), 0 survivors (0K)
 Metaspace       used 38727K, committed 39296K, reserved 1114112K
  class space    used 5101K, committed 5376K, reserved 1048576K
}
Event: 6771.753 GC heap before
{Heap before GC invocations=641 (full 626):
 garbage-first heap   total 63488K, used 24094K [0x00000000c0000000, 0x0000000100000000)
  region size 1024K, 1 young (1024K), 0 survivors (0K)
 Metaspace       used 38727K, committed 39296K, reserved 1114112K
  class space    used 5101K, committed 5376K, reserved 1048576K
}
Event: 6771.815 GC heap after
{Heap after GC invocations=642 (full 627):
 garbage-first heap   total 63488K, used 24094K [0x00000000c0000000, 0x0000000100000000)
  region size 1024K, 0 young (0K), 0 survivors (0K)
 Metaspace       used 38727K, committed 39296K, reserved 1114112K
  class space    used 5101K, committed 5376K, reserved 1048576K
}
Event: 6783.008 GC heap before
{Heap before GC invocations=642 (full 627):
 garbage-first heap   total 63488K, used 24094K [0x00000000c0000000, 0x0000000100000000)
  region size 1024K, 1 young (1024K), 0 survivors (0K)
 Metaspace       used 38727K, committed 39296K, reserved 1114112K
  class space    used 5101K, committed 5376K, reserved 1048576K
}
Event: 6783.073 GC heap after
{Heap after GC invocations=643 (full 628):
 garbage-first heap   total 63488K, used 24094K [0x00000000c0000000, 0x0000000100000000)
  region size 1024K, 0 young (0K), 0 survivors (0K)
 Metaspace       used 38727K, committed 39296K, reserved 1114112K
  class space    used 5101K, committed 5376K, reserved 1048576K
}

