# JRE version: OpenJDK Runtime Environment Temurin-17.0.10+7 (17.0.10+7) (build 17.0.10+7)
# Java VM: OpenJDK 64-Bit Server VM Temurin-17.0.10+7 (17.0.10+7, mixed mode, emulated-client, tiered, compressed oops, compressed class ptrs, g1 gc, windows-amd64)
GC Precious Log:
 CPUs: 4 total, 4 available
 Memory: 3902M
 Large Page Support: Disabled
 NUMA Support: Disabled
 Compressed Oops: Enabled (32-bit)
 Heap Region Size: 1M
 Heap Min Capacity: 8M
 Heap Initial Capacity: 62M
 Heap Max Capacity: 1G
 Pre-touch: Disabled
 Parallel Workers: 4
 Concurrent Workers: 1
 Concurrent Refinement Workers: 4
 Periodic GC: Disabled
Heap:
 garbage-first heap   total 63488K, used 24040K [0x00000000c0000000, 0x0000000100000000)
  region size 1024K, 1 young (1024K), 0 survivors (0K)
 Metaspace       used 38746K, committed 39360K, reserved 1114112K
  class space    used 5105K, committed 5376K, reserved 1048576K
GC Heap History (20 events):
Event: 3294.633 GC heap before
{Heap before GC invocations=190 (full 172):
 garbage-first heap   total 63488K, used 24040K [0x00000000c0000000, 0x0000000100000000)
  region size 1024K, 1 young (1024K), 0 survivors (0K)
 Metaspace       used 38746K, committed 39360K, reserved 1114112K
  class space    used 5105K, committed 5376K, reserved 1048576K
}
Event: 3294.686 GC heap after
{Heap after GC invocations=191 (full 173):
 garbage-first heap   total 63488K, used 24040K [0x00000000c0000000, 0x0000000100000000)
  region size 1024K, 0 young (0K), 0 survivors (0K)
 Metaspace       used 38746K, committed 39360K, reserved 1114112K
  class space    used 5105K, committed 5376K, reserved 1048576K
}
Event: 3305.026 GC heap before
{Heap before GC invocations=191 (full 173):
 garbage-first heap   total 63488K, used 24040K [0x00000000c0000000, 0x0000000100000000)
  region size 1024K, 1 young (1024K), 0 survivors (0K)
 Metaspace       used 38746K, committed 39360K, reserved 1114112K
  class space    used 5105K, committed 5376K, reserved 1048576K
}
Event: 3305.068 GC heap after
{Heap after GC invocations=192 (full 174):
 garbage-first heap   total 63488K, used 24040K [0x00000000c0000000, 0x0000000100000000)
  region size 1024K, 0 young (0K), 0 survivors (0K)
 Metaspace       used 38746K, committed 39360K, reserved 1114112K
  class space    used 5105K, committed 5376K, reserved 1048576K
}
Event: 3315.672 GC heap before
{Heap before GC invocations=192 (full 174):
 garbage-first heap   total 63488K, used 24040K [0x00000000c0000000, 0x0000000100000000)
  region size 1024K, 1 young (1024K), 0 survivors (0K)
 Metaspace       used 38746K, committed 39360K, reserved 1114112K
  class space    used 5105K, committed 5376K, reserved 1048576K
}
Event: 3315.723 GC heap after
{Heap after GC invocations=193 (full 175):
 garbage-first heap   total 63488K, used 24040K [0x00000000c0000000, 0x0000000100000000)
  region size 1024K, 0 young (0K), 0 survivors (0K)
 Metaspace       used 38746K, committed 39360K, reserved 1114112K
  class space    used 5105K, committed 5376K, reserved 1048576K
}
Event: 3326.774 GC heap before
{Heap before GC invocations=193 (full 175):
 garbage-first heap   total 63488K, used 24040K [0x00000000c0000000, 0x0000000100000000)
  region size 1024K, 1 young (1024K), 0 survivors (0K)
 Metaspace       used 38746K, committed 39360K, reserved 1114112K
  class space    used 5105K, committed 5376K, reserved 1048576K
}
Event: 3326.855 GC heap after
{Heap after GC invocations=194 (full 176):
 garbage-first heap   total 63488K, used 24040K [0x00000000c0000000, 0x0000000100000000)
  region size 1024K, 0 young (0K), 0 survivors (0K)
 Metaspace       used 38746K, committed 39360K, reserved 1114112K
  class space    used 5105K, committed 5376K, reserved 1048576K
}
Event: 3340.754 GC heap before
{Heap before GC invocations=194 (full 176):
 garbage-first heap   total 63488K, used 24040K [0x00000000c0000000, 0x0000000100000000)
  region size 1024K, 1 young (1024K), 0 survivors (0K)
 Metaspace       used 38746K, committed 39360K, reserved 1114112K
  class space    used 5105K, committed 5376K, reserved 1048576K
}
Event: 3340.936 GC heap after
{Heap after GC invocations=195 (full 177):
 garbage-first heap   total 63488K, used 24040K [0x00000000c0000000, 0x0000000100000000)
  region size 1024K, 0 young (0K), 0 survivors (0K)
 Metaspace       used 38746K, committed 39360K, reserved 1114112K
  class space    used 5105K, committed 5376K, reserved 1048576K
}
Event: 3355.532 GC heap before
{Heap before GC invocations=195 (full 177):
 garbage-first heap   total 63488K, used 24040K [0x00000000c0000000, 0x0000000100000000)
  region size 1024K, 1 young (1024K), 0 survivors (0K)
 Metaspace       used 38746K, committed 39360K, reserved 1114112K
  class space    used 5105K, committed 5376K, reserved 1048576K
}
Event: 3355.646 GC heap after
{Heap after GC invocations=196 (full 178):
 garbage-first heap   total 63488K, used 24040K [0x00000000c0000000, 0x0000000100000000)
  region size 1024K, 0 young (0K), 0 survivors (0K)
 Metaspace       used 38746K, committed 39360K, reserved 1114112K
  class space    used 5105K, committed 5376K, reserved 1048576K
}
Event: 3366.974 GC heap before
{Heap before GC invocations=196 (full 178):
 garbage-first heap   total 63488K, used 24040K [0x00000000c0000000, 0x0000000100000000)
  region size 1024K, 1 young (1024K), 0 survivors (0K)
 Metaspace       used 38746K, committed 39360K, reserved 1114112K
  class space    used 5105K, committed 5376K, reserved 1048576K
}
Event: 3367.028 GC heap after
{Heap after GC invocations=197 (full 179):
 garbage-first heap   total 63488K, used 24040K [0x00000000c0000000, 0x0000000100000000)
  region size 1024K, 0 young (0K), 0 survivors (0K)
 Metaspace       used 38746K, committed 39360K, reserved 1114112K
  class space    used 5105K, committed 5376K, reserved 1048576K
}
Event: 3378.554 GC heap before
{Heap before GC invocations=197 (full 179):
 garbage-first heap   total 63488K, used 24040K [0x00000000c0000000, 0x0000000100000000)
  region size 1024K, 1 young (1024K), 0 survivors (0K)
 Metaspace       used 38746K, committed 39360K, reserved 1114112K
  class space    used 5105K, committed 5376K, reserved 1048576K
}
Event: 3378.613 GC heap after
{Heap after GC invocations=198 (full 180):
 garbage-first heap   total 63488K, used 24040K [0x00000000c0000000, 0x0000000100000000)
  region size 1024K, 0 young (0K), 0 survivors (0K)
 Metaspace       used 38746K, committed 39360K, reserved 1114112K
  class space    used 5105K, committed 5376K, reserved 1048576K
}
Event: 3392.291 GC heap before
{Heap before GC invocations=198 (full 180):
 garbage-first heap   total 63488K, used 24040K [0x00000000c0000000, 0x0000000100000000)
  region size 1024K, 1 young (1024K), 0 survivors (0K)
 Metaspace       used 38746K, committed 39360K, reserved 1114112K
  class space    used 5105K, committed 5376K, reserved 1048576K
}
Event: 3392.363 GC heap after
{Heap after GC invocations=199 (full 181):
 garbage-first heap   total 63488K, used 24040K [0x00000000c0000000, 0x0000000100000000)
  region size 1024K, 0 young (0K), 0 survivors (0K)
 Metaspace       used 38746K, committed 39360K, reserved 1114112K
  class space    used 5105K, committed 5376K, reserved 1048576K
}
Event: 3403.900 GC heap before
{Heap before GC invocations=199 (full 181):
 garbage-first heap   total 63488K, used 24040K [0x00000000c0000000, 0x0000000100000000)
  region size 1024K, 1 young (1024K), 0 survivors (0K)
 Metaspace       used 38746K, committed 39360K, reserved 1114112K
  class space    used 5105K, committed 5376K, reserved 1048576K
}
Event: 3403.951 GC heap after
{Heap after GC invocations=200 (full 182):
 garbage-first heap   total 63488K, used 24040K [0x00000000c0000000, 0x0000000100000000)
  region size 1024K, 0 young (0K), 0 survivors (0K)
 Metaspace       used 38746K, committed 39360K, reserved 1114112K
  class space    used 5105K, committed 5376K, reserved 1048576K
}

