# JRE version: OpenJDK Runtime Environment Temurin-17.0.10+7 (17.0.10+7) (build 17.0.10+7)
# Java VM: OpenJDK 64-Bit Server VM Temurin-17.0.10+7 (17.0.10+7, mixed mode, emulated-client, tiered, compressed oops, compressed class ptrs, g1 gc, windows-amd64)
GC Precious Log:
 CPUs: 4 total, 4 available
 Memory: 3902M
 Large Page Support: Disabled
 NUMA Support: Disabled
 Compressed Oops: Enabled (32-bit)
 Heap Region Size: 1M
 Heap Min Capacity: 8M
 Heap Initial Capacity: 62M
 Heap Max Capacity: 1G
 Pre-touch: Disabled
 Parallel Workers: 4
 Concurrent Workers: 1
 Concurrent Refinement Workers: 4
 Periodic GC: Disabled
Heap:
 garbage-first heap   total 76800K, used 37555K [0x00000000c0000000, 0x0000000100000000)
  region size 1024K, 16 young (16384K), 2 survivors (2048K)
 Metaspace       used 31814K, committed 32192K, reserved 1114112K
  class space    used 4027K, committed 4224K, reserved 1048576K
GC Heap History (18 events):
Event: 3.020 GC heap before
{Heap before GC invocations=0 (full 0):
 garbage-first heap   total 63488K, used 16384K [0x00000000c0000000, 0x0000000100000000)
  region size 1024K, 13 young (13312K), 0 survivors (0K)
 Metaspace       used 5778K, committed 5888K, reserved 1114112K
  class space    used 555K, committed 640K, reserved 1048576K
}
Event: 3.033 GC heap after
{Heap after GC invocations=1 (full 0):
 garbage-first heap   total 63488K, used 12002K [0x00000000c0000000, 0x0000000100000000)
  region size 1024K, 2 young (2048K), 2 survivors (2048K)
 Metaspace       used 5778K, committed 5888K, reserved 1114112K
  class space    used 555K, committed 640K, reserved 1048576K
}
Event: 3.589 GC heap before
{Heap before GC invocations=1 (full 0):
 garbage-first heap   total 63488K, used 23266K [0x00000000c0000000, 0x0000000100000000)
  region size 1024K, 11 young (11264K), 2 survivors (2048K)
 Metaspace       used 7957K, committed 8128K, reserved 1114112K
  class space    used 868K, committed 960K, reserved 1048576K
}
Event: 3.596 GC heap after
{Heap after GC invocations=2 (full 0):
 garbage-first heap   total 63488K, used 15825K [0x00000000c0000000, 0x0000000100000000)
  region size 1024K, 2 young (2048K), 2 survivors (2048K)
 Metaspace       used 7957K, committed 8128K, reserved 1114112K
  class space    used 868K, committed 960K, reserved 1048576K
}
Event: 4.774 GC heap before
{Heap before GC invocations=2 (full 0):
 garbage-first heap   total 63488K, used 29137K [0x00000000c0000000, 0x0000000100000000)
  region size 1024K, 15 young (15360K), 2 survivors (2048K)
 Metaspace       used 11718K, committed 11840K, reserved 1114112K
  class space    used 1418K, committed 1472K, reserved 1048576K
}
Event: 4.781 GC heap after
{Heap after GC invocations=3 (full 0):
 garbage-first heap   total 63488K, used 17048K [0x00000000c0000000, 0x0000000100000000)
  region size 1024K, 2 young (2048K), 2 survivors (2048K)
 Metaspace       used 11718K, committed 11840K, reserved 1114112K
  class space    used 1418K, committed 1472K, reserved 1048576K
}
Event: 5.537 GC heap before
{Heap before GC invocations=3 (full 0):
 garbage-first heap   total 63488K, used 31384K [0x00000000c0000000, 0x0000000100000000)
  region size 1024K, 17 young (17408K), 2 survivors (2048K)
 Metaspace       used 15941K, committed 16128K, reserved 1114112K
  class space    used 1984K, committed 2048K, reserved 1048576K
}
Event: 5.548 GC heap after
{Heap after GC invocations=4 (full 0):
 garbage-first heap   total 63488K, used 18511K [0x00000000c0000000, 0x0000000100000000)
  region size 1024K, 3 young (3072K), 3 survivors (3072K)
 Metaspace       used 15941K, committed 16128K, reserved 1114112K
  class space    used 1984K, committed 2048K, reserved 1048576K
}
Event: 6.335 GC heap before
{Heap before GC invocations=4 (full 0):
 garbage-first heap   total 63488K, used 38991K [0x00000000c0000000, 0x0000000100000000)
  region size 1024K, 24 young (24576K), 3 survivors (3072K)
 Metaspace       used 19885K, committed 20096K, reserved 1114112K
  class space    used 2453K, committed 2560K, reserved 1048576K
}
Event: 6.348 GC heap after
{Heap after GC invocations=5 (full 0):
 garbage-first heap   total 63488K, used 19835K [0x00000000c0000000, 0x0000000100000000)
  region size 1024K, 3 young (3072K), 3 survivors (3072K)
 Metaspace       used 19885K, committed 20096K, reserved 1114112K
  class space    used 2453K, committed 2560K, reserved 1048576K
}
Event: 6.510 GC heap before
{Heap before GC invocations=5 (full 0):
 garbage-first heap   total 63488K, used 23931K [0x00000000c0000000, 0x0000000100000000)
  region size 1024K, 8 young (8192K), 3 survivors (3072K)
 Metaspace       used 21240K, committed 21504K, reserved 1114112K
  class space    used 2612K, committed 2752K, reserved 1048576K
}
Event: 6.523 GC heap after
{Heap after GC invocations=6 (full 0):
 garbage-first heap   total 63488K, used 20624K [0x00000000c0000000, 0x0000000100000000)
  region size 1024K, 3 young (3072K), 3 survivors (3072K)
 Metaspace       used 21240K, committed 21504K, reserved 1114112K
  class space    used 2612K, committed 2752K, reserved 1048576K
}
Event: 7.146 GC heap before
{Heap before GC invocations=7 (full 0):
 garbage-first heap   total 63488K, used 40080K [0x00000000c0000000, 0x0000000100000000)
  region size 1024K, 23 young (23552K), 3 survivors (3072K)
 Metaspace       used 25622K, committed 25920K, reserved 1114112K
  class space    used 3186K, committed 3328K, reserved 1048576K
}
Event: 7.161 GC heap after
{Heap after GC invocations=8 (full 0):
 garbage-first heap   total 63488K, used 22831K [0x00000000c0000000, 0x0000000100000000)
  region size 1024K, 3 young (3072K), 3 survivors (3072K)
 Metaspace       used 25622K, committed 25920K, reserved 1114112K
  class space    used 3186K, committed 3328K, reserved 1048576K
}
Event: 7.188 GC heap before
{Heap before GC invocations=8 (full 0):
 garbage-first heap   total 63488K, used 23855K [0x00000000c0000000, 0x0000000100000000)
  region size 1024K, 4 young (4096K), 3 survivors (3072K)
 Metaspace       used 25796K, committed 26048K, reserved 1114112K
  class space    used 3209K, committed 3328K, reserved 1048576K
}
Event: 7.198 GC heap after
{Heap after GC invocations=9 (full 0):
 garbage-first heap   total 76800K, used 22612K [0x00000000c0000000, 0x0000000100000000)
  region size 1024K, 1 young (1024K), 1 survivors (1024K)
 Metaspace       used 25796K, committed 26048K, reserved 1114112K
  class space    used 3209K, committed 3328K, reserved 1048576K
}
Event: 8.941 GC heap before
{Heap before GC invocations=9 (full 0):
 garbage-first heap   total 76800K, used 50260K [0x00000000c0000000, 0x0000000100000000)
  region size 1024K, 28 young (28672K), 1 survivors (1024K)
 Metaspace       used 29264K, committed 29504K, reserved 1114112K
  class space    used 3669K, committed 3776K, reserved 1048576K
}
Event: 8.948 GC heap after
{Heap after GC invocations=10 (full 0):
 garbage-first heap   total 76800K, used 24243K [0x00000000c0000000, 0x0000000100000000)
  region size 1024K, 2 young (2048K), 2 survivors (2048K)
 Metaspace       used 29264K, committed 29504K, reserved 1114112K
  class space    used 3669K, committed 3776K, reserved 1048576K
}

